# JRE version: OpenJDK Runtime Environment (21.0.6) (build 21.0.6+-13391695-b895.109)
# Java VM: OpenJDK 64-Bit Server VM (21.0.6+-13391695-b895.109, mixed mode, tiered, compressed oops, compressed class ptrs, g1 gc, windows-amd64)
GC Precious Log:
 CardTable entry size: 512
 Card Set container configuration: InlinePtr #cards 5 size 8 Array Of Cards #cards 12 size 40 Howl #buckets 4 coarsen threshold 1843 Howl Bitmap #cards 512 size 80 coarsen threshold 460 Card regions per heap region 1 cards per card region 2048
 CPUs: 8 total, 8 available
 Memory: 7991M
 Large Page Support: Disabled
 NUMA Support: Disabled
 Compressed Oops: Enabled (32-bit)
 Heap Region Size: 1M
 Heap Min Capacity: 8M
 Heap Initial Capacity: 126M
 Heap Max Capacity: 2G
 Pre-touch: Disabled
 Parallel Workers: 8
 Concurrent Workers: 2
 Concurrent Refinement Workers: 8
 Periodic GC: Disabled
Heap:
 garbage-first heap   total 249856K, used 199519K [0x0000000080000000, 0x0000000100000000)
  region size 1024K, 60 young (61440K), 9 survivors (9216K)
 Metaspace       used 100771K, committed 102976K, reserved 1179648K
  class space    used 13439K, committed 14528K, reserved 1048576K
GC Heap History (20 events):
Event: 10.993 GC heap before
{Heap before GC invocations=23 (full 0):
 garbage-first heap   total 165888K, used 148364K [0x0000000080000000, 0x0000000100000000)
  region size 1024K, 52 young (53248K), 7 survivors (7168K)
 Metaspace       used 73979K, committed 75904K, reserved 1114112K
  class space    used 10056K, committed 11008K, reserved 1048576K
}
Event: 11.003 GC heap after
{Heap after GC invocations=24 (full 0):
 garbage-first heap   total 165888K, used 107543K [0x0000000080000000, 0x0000000100000000)
  region size 1024K, 5 young (5120K), 5 survivors (5120K)
 Metaspace       used 73979K, committed 75904K, reserved 1114112K
  class space    used 10056K, committed 11008K, reserved 1048576K
}
Event: 11.455 GC heap before
{Heap before GC invocations=25 (full 0):
 garbage-first heap   total 181248K, used 148503K [0x0000000080000000, 0x0000000100000000)
  region size 1024K, 46 young (47104K), 5 survivors (5120K)
 Metaspace       used 74146K, committed 76032K, reserved 1114112K
  class space    used 10056K, committed 11008K, reserved 1048576K
}
Event: 11.460 GC heap after
{Heap after GC invocations=26 (full 0):
 garbage-first heap   total 181248K, used 108675K [0x0000000080000000, 0x0000000100000000)
  region size 1024K, 4 young (4096K), 4 survivors (4096K)
 Metaspace       used 74146K, committed 76032K, reserved 1114112K
  class space    used 10056K, committed 11008K, reserved 1048576K
}
Event: 11.718 GC heap before
{Heap before GC invocations=26 (full 0):
 garbage-first heap   total 181248K, used 164995K [0x0000000080000000, 0x0000000100000000)
  region size 1024K, 60 young (61440K), 4 survivors (4096K)
 Metaspace       used 74160K, committed 76032K, reserved 1114112K
  class space    used 10056K, committed 11008K, reserved 1048576K
}
Event: 11.724 GC heap after
{Heap after GC invocations=27 (full 0):
 garbage-first heap   total 181248K, used 108606K [0x0000000080000000, 0x0000000100000000)
  region size 1024K, 5 young (5120K), 5 survivors (5120K)
 Metaspace       used 74160K, committed 76032K, reserved 1114112K
  class space    used 10056K, committed 11008K, reserved 1048576K
}
Event: 11.962 GC heap before
{Heap before GC invocations=27 (full 0):
 garbage-first heap   total 181248K, used 123966K [0x0000000080000000, 0x0000000100000000)
  region size 1024K, 22 young (22528K), 5 survivors (5120K)
 Metaspace       used 74341K, committed 76288K, reserved 1114112K
  class space    used 10083K, committed 11072K, reserved 1048576K
}
Event: 11.966 GC heap after
{Heap after GC invocations=28 (full 0):
 garbage-first heap   total 181248K, used 109162K [0x0000000080000000, 0x0000000100000000)
  region size 1024K, 5 young (5120K), 5 survivors (5120K)
 Metaspace       used 74341K, committed 76288K, reserved 1114112K
  class space    used 10083K, committed 11072K, reserved 1048576K
}
Event: 12.793 GC heap before
{Heap before GC invocations=29 (full 0):
 garbage-first heap   total 194560K, used 177770K [0x0000000080000000, 0x0000000100000000)
  region size 1024K, 59 young (60416K), 5 survivors (5120K)
 Metaspace       used 77932K, committed 79936K, reserved 1179648K
  class space    used 10516K, committed 11520K, reserved 1048576K
}
Event: 12.797 GC heap after
{Heap after GC invocations=30 (full 0):
 garbage-first heap   total 194560K, used 130853K [0x0000000080000000, 0x0000000100000000)
  region size 1024K, 8 young (8192K), 8 survivors (8192K)
 Metaspace       used 77932K, committed 79936K, reserved 1179648K
  class space    used 10516K, committed 11520K, reserved 1048576K
}
Event: 13.224 GC heap before
{Heap before GC invocations=30 (full 0):
 garbage-first heap   total 194560K, used 175909K [0x0000000080000000, 0x0000000100000000)
  region size 1024K, 52 young (53248K), 8 survivors (8192K)
 Metaspace       used 82976K, committed 84992K, reserved 1179648K
  class space    used 11036K, committed 12032K, reserved 1048576K
}
Event: 13.229 GC heap after
{Heap after GC invocations=31 (full 0):
 garbage-first heap   total 194560K, used 131136K [0x0000000080000000, 0x0000000100000000)
  region size 1024K, 2 young (2048K), 2 survivors (2048K)
 Metaspace       used 82976K, committed 84992K, reserved 1179648K
  class space    used 11036K, committed 12032K, reserved 1048576K
}
Event: 13.538 GC heap before
{Heap before GC invocations=31 (full 0):
 garbage-first heap   total 194560K, used 151616K [0x0000000080000000, 0x0000000100000000)
  region size 1024K, 23 young (23552K), 2 survivors (2048K)
 Metaspace       used 85794K, committed 87872K, reserved 1179648K
  class space    used 11434K, committed 12480K, reserved 1048576K
}
Event: 13.541 GC heap after
{Heap after GC invocations=32 (full 0):
 garbage-first heap   total 194560K, used 133120K [0x0000000080000000, 0x0000000100000000)
  region size 1024K, 4 young (4096K), 4 survivors (4096K)
 Metaspace       used 85794K, committed 87872K, reserved 1179648K
  class space    used 11434K, committed 12480K, reserved 1048576K
}
Event: 13.997 GC heap before
{Heap before GC invocations=33 (full 0):
 garbage-first heap   total 230400K, used 182272K [0x0000000080000000, 0x0000000100000000)
  region size 1024K, 47 young (48128K), 4 survivors (4096K)
 Metaspace       used 88112K, committed 90240K, reserved 1179648K
  class space    used 11759K, committed 12800K, reserved 1048576K
}
Event: 14.003 GC heap after
{Heap after GC invocations=34 (full 0):
 garbage-first heap   total 230400K, used 137949K [0x0000000080000000, 0x0000000100000000)
  region size 1024K, 6 young (6144K), 6 survivors (6144K)
 Metaspace       used 88112K, committed 90240K, reserved 1179648K
  class space    used 11759K, committed 12800K, reserved 1048576K
}
Event: 14.881 GC heap before
{Heap before GC invocations=34 (full 0):
 garbage-first heap   total 230400K, used 203485K [0x0000000080000000, 0x0000000100000000)
  region size 1024K, 67 young (68608K), 6 survivors (6144K)
 Metaspace       used 94020K, committed 96128K, reserved 1179648K
  class space    used 12513K, committed 13568K, reserved 1048576K
}
Event: 14.889 GC heap after
{Heap after GC invocations=35 (full 0):
 garbage-first heap   total 230400K, used 143040K [0x0000000080000000, 0x0000000100000000)
  region size 1024K, 8 young (8192K), 8 survivors (8192K)
 Metaspace       used 94020K, committed 96128K, reserved 1179648K
  class space    used 12513K, committed 13568K, reserved 1048576K
}
Event: 15.572 GC heap before
{Heap before GC invocations=35 (full 0):
 garbage-first heap   total 230400K, used 208576K [0x0000000080000000, 0x0000000100000000)
  region size 1024K, 72 young (73728K), 8 survivors (8192K)
 Metaspace       used 97800K, committed 99968K, reserved 1179648K
  class space    used 13043K, committed 14144K, reserved 1048576K
}
Event: 15.580 GC heap after
{Heap after GC invocations=36 (full 0):
 garbage-first heap   total 230400K, used 148319K [0x0000000080000000, 0x0000000100000000)
  region size 1024K, 9 young (9216K), 9 survivors (9216K)
 Metaspace       used 97800K, committed 99968K, reserved 1179648K
  class space    used 13043K, committed 14144K, reserved 1048576K
}

