# JRE version: OpenJDK Runtime Environment (21.0.6) (build 21.0.6+-13391695-b895.109)
# Java VM: OpenJDK 64-Bit Server VM (21.0.6+-13391695-b895.109, mixed mode, tiered, compressed oops, compressed class ptrs, g1 gc, windows-amd64)
GC Precious Log:
 CardTable entry size: 512
 Card Set container configuration: InlinePtr #cards 5 size 8 Array Of Cards #cards 12 size 40 Howl #buckets 4 coarsen threshold 1843 Howl Bitmap #cards 512 size 80 coarsen threshold 460 Card regions per heap region 1 cards per card region 2048
 CPUs: 8 total, 8 available
 Memory: 7991M
 Large Page Support: Disabled
 NUMA Support: Disabled
 Compressed Oops: Enabled (32-bit)
 Heap Region Size: 1M
 Heap Min Capacity: 8M
 Heap Initial Capacity: 126M
 Heap Max Capacity: 2G
 Pre-touch: Disabled
 Parallel Workers: 8
 Concurrent Workers: 2
 Concurrent Refinement Workers: 8
 Periodic GC: Disabled
Heap:
 garbage-first heap   total 224256K, used 163335K [0x0000000080000000, 0x0000000100000000)
  region size 1024K, 33 young (33792K), 6 survivors (6144K)
 Metaspace       used 131187K, committed 133568K, reserved 1179648K
  class space    used 17573K, committed 18752K, reserved 1048576K
GC Heap History (20 events):
Event: 27.902 GC heap before
{Heap before GC invocations=40 (full 0):
 garbage-first heap   total 171008K, used 144506K [0x0000000080000000, 0x0000000100000000)
  region size 1024K, 44 young (45056K), 2 survivors (2048K)
 Metaspace       used 108693K, committed 110848K, reserved 1179648K
  class space    used 14582K, committed 15680K, reserved 1048576K
}
Event: 27.906 GC heap after
{Heap after GC invocations=41 (full 0):
 garbage-first heap   total 171008K, used 101520K [0x0000000080000000, 0x0000000100000000)
  region size 1024K, 3 young (3072K), 3 survivors (3072K)
 Metaspace       used 108693K, committed 110848K, reserved 1179648K
  class space    used 14582K, committed 15680K, reserved 1048576K
}
Event: 29.099 GC heap before
{Heap before GC invocations=41 (full 0):
 garbage-first heap   total 171008K, used 155792K [0x0000000080000000, 0x0000000100000000)
  region size 1024K, 56 young (57344K), 3 survivors (3072K)
 Metaspace       used 112586K, committed 114880K, reserved 1179648K
  class space    used 15158K, committed 16320K, reserved 1048576K
}
Event: 29.105 GC heap after
{Heap after GC invocations=42 (full 0):
 garbage-first heap   total 171008K, used 102303K [0x0000000080000000, 0x0000000100000000)
  region size 1024K, 6 young (6144K), 6 survivors (6144K)
 Metaspace       used 112586K, committed 114880K, reserved 1179648K
  class space    used 15158K, committed 16320K, reserved 1048576K
}
Event: 30.266 GC heap before
{Heap before GC invocations=42 (full 0):
 garbage-first heap   total 171008K, used 154527K [0x0000000080000000, 0x0000000100000000)
  region size 1024K, 57 young (58368K), 6 survivors (6144K)
 Metaspace       used 116727K, committed 119040K, reserved 1179648K
  class space    used 15752K, committed 16896K, reserved 1048576K
}
Event: 30.274 GC heap after
{Heap after GC invocations=43 (full 0):
 garbage-first heap   total 171008K, used 105217K [0x0000000080000000, 0x0000000100000000)
  region size 1024K, 7 young (7168K), 7 survivors (7168K)
 Metaspace       used 116727K, committed 119040K, reserved 1179648K
  class space    used 15752K, committed 16896K, reserved 1048576K
}
Event: 31.287 GC heap before
{Heap before GC invocations=44 (full 0):
 garbage-first heap   total 178176K, used 152321K [0x0000000080000000, 0x0000000100000000)
  region size 1024K, 53 young (54272K), 7 survivors (7168K)
 Metaspace       used 120671K, committed 123008K, reserved 1179648K
  class space    used 16321K, committed 17472K, reserved 1048576K
}
Event: 31.294 GC heap after
{Heap after GC invocations=45 (full 0):
 garbage-first heap   total 178176K, used 107542K [0x0000000080000000, 0x0000000100000000)
  region size 1024K, 6 young (6144K), 6 survivors (6144K)
 Metaspace       used 120671K, committed 123008K, reserved 1179648K
  class space    used 16321K, committed 17472K, reserved 1048576K
}
Event: 31.971 GC heap before
{Heap before GC invocations=45 (full 0):
 garbage-first heap   total 178176K, used 160790K [0x0000000080000000, 0x0000000100000000)
  region size 1024K, 58 young (59392K), 6 survivors (6144K)
 Metaspace       used 122042K, committed 124352K, reserved 1179648K
  class space    used 16507K, committed 17664K, reserved 1048576K
}
Event: 31.982 GC heap after
{Heap after GC invocations=46 (full 0):
 garbage-first heap   total 178176K, used 113204K [0x0000000080000000, 0x0000000100000000)
  region size 1024K, 8 young (8192K), 8 survivors (8192K)
 Metaspace       used 122042K, committed 124352K, reserved 1179648K
  class space    used 16507K, committed 17664K, reserved 1048576K
}
Event: 32.604 GC heap before
{Heap before GC invocations=46 (full 0):
 garbage-first heap   total 178176K, used 149044K [0x0000000080000000, 0x0000000100000000)
  region size 1024K, 45 young (46080K), 8 survivors (8192K)
 Metaspace       used 123394K, committed 125760K, reserved 1179648K
  class space    used 16598K, committed 17792K, reserved 1048576K
}
Event: 32.615 GC heap after
{Heap after GC invocations=47 (full 0):
 garbage-first heap   total 178176K, used 121223K [0x0000000080000000, 0x0000000100000000)
  region size 1024K, 7 young (7168K), 7 survivors (7168K)
 Metaspace       used 123394K, committed 125760K, reserved 1179648K
  class space    used 16598K, committed 17792K, reserved 1048576K
}
Event: 33.442 GC heap before
{Heap before GC invocations=48 (full 0):
 garbage-first heap   total 211968K, used 164231K [0x0000000080000000, 0x0000000100000000)
  region size 1024K, 44 young (45056K), 7 survivors (7168K)
 Metaspace       used 126687K, committed 129088K, reserved 1179648K
  class space    used 16950K, committed 18176K, reserved 1048576K
}
Event: 33.452 GC heap after
{Heap after GC invocations=49 (full 0):
 garbage-first heap   total 211968K, used 127208K [0x0000000080000000, 0x0000000100000000)
  region size 1024K, 6 young (6144K), 6 survivors (6144K)
 Metaspace       used 126687K, committed 129088K, reserved 1179648K
  class space    used 16950K, committed 18176K, reserved 1048576K
}
Event: 34.087 GC heap before
{Heap before GC invocations=49 (full 0):
 garbage-first heap   total 211968K, used 189672K [0x0000000080000000, 0x0000000100000000)
  region size 1024K, 68 young (69632K), 6 survivors (6144K)
 Metaspace       used 127234K, committed 129600K, reserved 1179648K
  class space    used 17049K, committed 18240K, reserved 1048576K
}
Event: 34.097 GC heap after
{Heap after GC invocations=50 (full 0):
 garbage-first heap   total 211968K, used 130654K [0x0000000080000000, 0x0000000100000000)
  region size 1024K, 5 young (5120K), 5 survivors (5120K)
 Metaspace       used 127234K, committed 129600K, reserved 1179648K
  class space    used 17049K, committed 18240K, reserved 1048576K
}
Event: 34.780 GC heap before
{Heap before GC invocations=50 (full 0):
 garbage-first heap   total 211968K, used 192094K [0x0000000080000000, 0x0000000100000000)
  region size 1024K, 66 young (67584K), 5 survivors (5120K)
 Metaspace       used 128741K, committed 131136K, reserved 1179648K
  class space    used 17263K, committed 18496K, reserved 1048576K
}
Event: 34.789 GC heap after
{Heap after GC invocations=51 (full 0):
 garbage-first heap   total 211968K, used 133963K [0x0000000080000000, 0x0000000100000000)
  region size 1024K, 8 young (8192K), 8 survivors (8192K)
 Metaspace       used 128741K, committed 131136K, reserved 1179648K
  class space    used 17263K, committed 18496K, reserved 1048576K
}
Event: 35.504 GC heap before
{Heap before GC invocations=52 (full 0):
 garbage-first heap   total 224256K, used 190283K [0x0000000080000000, 0x0000000100000000)
  region size 1024K, 64 young (65536K), 8 survivors (8192K)
 Metaspace       used 130834K, committed 133248K, reserved 1179648K
  class space    used 17518K, committed 18752K, reserved 1048576K
}
Event: 35.514 GC heap after
{Heap after GC invocations=53 (full 0):
 garbage-first heap   total 224256K, used 137735K [0x0000000080000000, 0x0000000100000000)
  region size 1024K, 6 young (6144K), 6 survivors (6144K)
 Metaspace       used 130834K, committed 133248K, reserved 1179648K
  class space    used 17518K, committed 18752K, reserved 1048576K
}

