# JRE version: OpenJDK Runtime Environment (21.0.6) (build 21.0.6+-13391695-b895.109)
# Java VM: OpenJDK 64-Bit Server VM (21.0.6+-13391695-b895.109, mixed mode, tiered, compressed oops, compressed class ptrs, g1 gc, windows-amd64)
GC Precious Log:
 CardTable entry size: 512
 Card Set container configuration: InlinePtr #cards 5 size 8 Array Of Cards #cards 12 size 40 Howl #buckets 4 coarsen threshold 1843 Howl Bitmap #cards 512 size 80 coarsen threshold 460 Card regions per heap region 1 cards per card region 2048
 CPUs: 8 total, 8 available
 Memory: 7991M
 Large Page Support: Disabled
 NUMA Support: Disabled
 Compressed Oops: Enabled (32-bit)
 Heap Region Size: 1M
 Heap Min Capacity: 8M
 Heap Initial Capacity: 126M
 Heap Max Capacity: 2G
 Pre-touch: Disabled
 Parallel Workers: 8
 Concurrent Workers: 2
 Concurrent Refinement Workers: 8
 Periodic GC: Disabled
Heap:
 garbage-first heap   total 193536K, used 140093K [0x0000000080000000, 0x0000000100000000)
  region size 1024K, 7 young (7168K), 3 survivors (3072K)
 Metaspace       used 90845K, committed 92864K, reserved 1179648K
  class space    used 12132K, committed 13120K, reserved 1048576K
GC Heap History (20 events):
Event: 11.629 GC heap before
{Heap before GC invocations=27 (full 0):
 garbage-first heap   total 154624K, used 133053K [0x0000000080000000, 0x0000000100000000)
  region size 1024K, 49 young (50176K), 8 survivors (8192K)
 Metaspace       used 64390K, committed 66048K, reserved 1114112K
  class space    used 8740K, committed 9536K, reserved 1048576K
}
Event: 11.634 GC heap after
{Heap after GC invocations=28 (full 0):
 garbage-first heap   total 154624K, used 93648K [0x0000000080000000, 0x0000000100000000)
  region size 1024K, 3 young (3072K), 3 survivors (3072K)
 Metaspace       used 64390K, committed 66048K, reserved 1114112K
  class space    used 8740K, committed 9536K, reserved 1048576K
}
Event: 12.012 GC heap before
{Heap before GC invocations=29 (full 0):
 garbage-first heap   total 171008K, used 148944K [0x0000000080000000, 0x0000000100000000)
  region size 1024K, 49 young (50176K), 3 survivors (3072K)
 Metaspace       used 67629K, committed 69376K, reserved 1114112K
  class space    used 9094K, committed 9984K, reserved 1048576K
}
Event: 12.015 GC heap after
{Heap after GC invocations=30 (full 0):
 garbage-first heap   total 171008K, used 101996K [0x0000000080000000, 0x0000000100000000)
  region size 1024K, 4 young (4096K), 4 survivors (4096K)
 Metaspace       used 67629K, committed 69376K, reserved 1114112K
  class space    used 9094K, committed 9984K, reserved 1048576K
}
Event: 12.792 GC heap before
{Heap before GC invocations=30 (full 0):
 garbage-first heap   total 171008K, used 156268K [0x0000000080000000, 0x0000000100000000)
  region size 1024K, 57 young (58368K), 4 survivors (4096K)
 Metaspace       used 74918K, committed 76672K, reserved 1179648K
  class space    used 10142K, committed 11008K, reserved 1048576K
}
Event: 12.798 GC heap after
{Heap after GC invocations=31 (full 0):
 garbage-first heap   total 171008K, used 104033K [0x0000000080000000, 0x0000000100000000)
  region size 1024K, 6 young (6144K), 6 survivors (6144K)
 Metaspace       used 74918K, committed 76672K, reserved 1179648K
  class space    used 10142K, committed 11008K, reserved 1048576K
}
Event: 13.722 GC heap before
{Heap before GC invocations=31 (full 0):
 garbage-first heap   total 171008K, used 155233K [0x0000000080000000, 0x0000000100000000)
  region size 1024K, 56 young (57344K), 6 survivors (6144K)
 Metaspace       used 79975K, committed 81792K, reserved 1179648K
  class space    used 10932K, committed 11840K, reserved 1048576K
}
Event: 13.731 GC heap after
{Heap after GC invocations=32 (full 0):
 garbage-first heap   total 171008K, used 107412K [0x0000000080000000, 0x0000000100000000)
  region size 1024K, 6 young (6144K), 6 survivors (6144K)
 Metaspace       used 79975K, committed 81792K, reserved 1179648K
  class space    used 10932K, committed 11840K, reserved 1048576K
}
Event: 14.553 GC heap before
{Heap before GC invocations=33 (full 0):
 garbage-first heap   total 179200K, used 153492K [0x0000000080000000, 0x0000000100000000)
  region size 1024K, 52 young (53248K), 6 survivors (6144K)
 Metaspace       used 80677K, committed 82560K, reserved 1179648K
  class space    used 10960K, committed 11904K, reserved 1048576K
}
Event: 14.564 GC heap after
{Heap after GC invocations=34 (full 0):
 garbage-first heap   total 179200K, used 112036K [0x0000000080000000, 0x0000000100000000)
  region size 1024K, 7 young (7168K), 7 survivors (7168K)
 Metaspace       used 80677K, committed 82560K, reserved 1179648K
  class space    used 10960K, committed 11904K, reserved 1048576K
}
Event: 14.830 GC heap before
{Heap before GC invocations=34 (full 0):
 garbage-first heap   total 179200K, used 160164K [0x0000000080000000, 0x0000000100000000)
  region size 1024K, 55 young (56320K), 7 survivors (7168K)
 Metaspace       used 80883K, committed 82816K, reserved 1179648K
  class space    used 10960K, committed 11904K, reserved 1048576K
}
Event: 14.837 GC heap after
{Heap after GC invocations=35 (full 0):
 garbage-first heap   total 179200K, used 113464K [0x0000000080000000, 0x0000000100000000)
  region size 1024K, 4 young (4096K), 4 survivors (4096K)
 Metaspace       used 80883K, committed 82816K, reserved 1179648K
  class space    used 10960K, committed 11904K, reserved 1048576K
}
Event: 15.053 GC heap before
{Heap before GC invocations=35 (full 0):
 garbage-first heap   total 179200K, used 163640K [0x0000000080000000, 0x0000000100000000)
  region size 1024K, 53 young (54272K), 4 survivors (4096K)
 Metaspace       used 80902K, committed 82816K, reserved 1179648K
  class space    used 10960K, committed 11904K, reserved 1048576K
}
Event: 15.057 GC heap after
{Heap after GC invocations=36 (full 0):
 garbage-first heap   total 179200K, used 114526K [0x0000000080000000, 0x0000000100000000)
  region size 1024K, 5 young (5120K), 5 survivors (5120K)
 Metaspace       used 80902K, committed 82816K, reserved 1179648K
  class space    used 10960K, committed 11904K, reserved 1048576K
}
Event: 15.630 GC heap before
{Heap before GC invocations=37 (full 0):
 garbage-first heap   total 193536K, used 175966K [0x0000000080000000, 0x0000000100000000)
  region size 1024K, 52 young (53248K), 5 survivors (5120K)
 Metaspace       used 82177K, committed 84096K, reserved 1179648K
  class space    used 11100K, committed 12032K, reserved 1048576K
}
Event: 15.634 GC heap after
{Heap after GC invocations=38 (full 0):
 garbage-first heap   total 193536K, used 135168K [0x0000000080000000, 0x0000000100000000)
  region size 1024K, 7 young (7168K), 7 survivors (7168K)
 Metaspace       used 82177K, committed 84096K, reserved 1179648K
  class space    used 11100K, committed 12032K, reserved 1048576K
}
Event: 16.085 GC heap before
{Heap before GC invocations=38 (full 0):
 garbage-first heap   total 193536K, used 175104K [0x0000000080000000, 0x0000000100000000)
  region size 1024K, 47 young (48128K), 7 survivors (7168K)
 Metaspace       used 85923K, committed 87872K, reserved 1179648K
  class space    used 11517K, committed 12480K, reserved 1048576K
}
Event: 16.090 GC heap after
{Heap after GC invocations=39 (full 0):
 garbage-first heap   total 193536K, used 135521K [0x0000000080000000, 0x0000000100000000)
  region size 1024K, 2 young (2048K), 2 survivors (2048K)
 Metaspace       used 85923K, committed 87872K, reserved 1179648K
  class space    used 11517K, committed 12480K, reserved 1048576K
}
Event: 16.718 GC heap before
{Heap before GC invocations=39 (full 0):
 garbage-first heap   total 193536K, used 177505K [0x0000000080000000, 0x0000000100000000)
  region size 1024K, 43 young (44032K), 2 survivors (2048K)
 Metaspace       used 90572K, committed 92544K, reserved 1179648K
  class space    used 12088K, committed 13056K, reserved 1048576K
}
Event: 16.722 GC heap after
{Heap after GC invocations=40 (full 0):
 garbage-first heap   total 193536K, used 137021K [0x0000000080000000, 0x0000000100000000)
  region size 1024K, 3 young (3072K), 3 survivors (3072K)
 Metaspace       used 90572K, committed 92544K, reserved 1179648K
  class space    used 12088K, committed 13056K, reserved 1048576K
}

